TN:
SF:src/add.js
FN:8,add
FNF:1
FNH:1
FNDA:16,add
DA:9,16
DA:12,3
LF:2
LH:2
BRF:0
BRH:0
end_of_record
TN:
SF:src/at.js
FN:8,at
FNF:1
FNH:1
FNDA:5,at
DA:9,5
DA:10,5
DA:12,5
DA:13,11
DA:14,11
DA:15,7
DA:19,5
DA:22,1
LF:8
LH:8
BRDA:13,0,0,3
BRDA:13,0,1,8
BRDA:14,1,0,7
BRDA:14,1,1,4
BRDA:14,2,0,11
BRDA:14,2,1,10
BRF:6
BRH:6
end_of_record
TN:
SF:src/camelCase.js
FN:7,camelCase
FN:22,(anonymous_1)
FN:27,(anonymous_2)
FNF:3
FNH:3
FNDA:6,camelCase
FNDA:11,(anonymous_1)
FNDA:11,(anonymous_2)
DA:8,6
DA:11,5
DA:22,11
DA:24,5
DA:26,5
DA:28,11
DA:29,11
DA:34,1
LF:8
LH:8
BRDA:8,0,0,1
BRDA:8,0,1,5
BRDA:24,1,0,0
BRDA:24,1,1,5
BRDA:29,2,0,5
BRDA:29,2,1,6
BRF:6
BRH:5
end_of_record
TN:
SF:src/capitalize.js
FN:7,capitalize
FNF:1
FNH:1
FNDA:5,capitalize
DA:8,5
DA:9,4
DA:12,1
LF:3
LH:3
BRDA:8,0,0,1
BRDA:8,0,1,4
BRF:2
BRH:2
end_of_record
TN:
SF:src/castArray.js
FN:7,castArray
FNF:1
FNH:1
FNDA:6,castArray
DA:8,6
DA:9,1
DA:11,5
DA:12,5
DA:15,1
LF:5
LH:5
BRDA:8,0,0,1
BRDA:8,0,1,5
BRDA:12,1,0,1
BRDA:12,1,1,4
BRF:4
BRH:4
end_of_record
TN:
SF:src/ceil.js
FN:8,ceil
FNF:1
FNH:1
FNDA:13,ceil
DA:9,13
DA:10,13
DA:13,3
LF:3
LH:3
BRDA:8,0,0,7
BRF:1
BRH:1
end_of_record
TN:
SF:src/chunk.js
FN:8,chunk
FNF:1
FNH:1
FNDA:6,chunk
DA:9,6
DA:10,1
DA:13,5
DA:14,5
DA:16,5
DA:17,7
DA:18,7
DA:21,5
DA:24,1
LF:9
LH:9
BRDA:8,0,0,1
BRDA:9,1,0,1
BRDA:9,1,1,5
BRDA:9,2,0,6
BRDA:9,2,1,6
BRF:5
BRH:5
end_of_record
TN:
SF:src/clamp.js
FN:9,clamp
FNF:1
FNH:1
FNDA:5,clamp
DA:10,5
DA:11,1
DA:12,1
DA:15,5
DA:16,5
DA:19,5
DA:20,4
DA:23,5
DA:26,1
LF:9
LH:9
BRDA:10,0,0,1
BRDA:10,0,1,4
BRDA:15,1,0,5
BRDA:15,1,1,0
BRDA:16,2,0,3
BRDA:16,2,1,2
BRDA:19,3,0,4
BRDA:19,3,1,1
BRDA:20,4,0,2
BRDA:20,4,1,2
BRF:10
BRH:9
end_of_record
TN:
SF:src/compact.js
FN:7,compact
FNF:1
FNH:1
FNDA:5,compact
DA:8,5
DA:9,1
DA:12,4
DA:15,1
LF:4
LH:4
BRDA:8,0,0,1
BRDA:8,0,1,4
BRF:2
BRH:2
end_of_record
TN:
SF:src/countBy.js
FN:9,countBy
FN:15,(anonymous_1)
FNF:2
FNH:2
FNDA:4,countBy
FNDA:3,(anonymous_1)
DA:10,4
DA:12,3
DA:13,3
DA:15,3
DA:17,3
DA:19,3
DA:20,9
DA:21,9
DA:24,3
DA:27,1
LF:10
LH:10
BRDA:10,0,0,1
BRDA:10,0,1,3
BRDA:13,1,0,2
BRDA:13,1,1,1
BRDA:17,2,0,2
BRDA:17,2,1,1
BRDA:21,3,0,9
BRDA:21,3,1,6
BRF:8
BRH:8
end_of_record
TN:
SF:src/defaultTo.js
FN:8,defaultTo
FNF:1
FNH:1
FNDA:6,defaultTo
DA:9,6
DA:12,1
LF:2
LH:2
BRDA:9,0,0,3
BRDA:9,0,1,3
BRDA:9,1,0,6
BRDA:9,1,1,4
BRF:4
BRH:4
end_of_record
TN:
SF:src/defaultToAny.js
FN:9,defaultToAny
FNF:1
FNH:1
FNDA:5,defaultToAny
DA:10,5
DA:11,11
DA:12,4
DA:15,1
DA:18,1
LF:5
LH:5
BRDA:11,0,0,4
BRDA:11,0,1,7
BRDA:11,1,0,11
BRDA:11,1,1,5
BRF:4
BRH:4
end_of_record
TN:
SF:src/difference.js
FN:8,difference
FN:14,(anonymous_1)
FNF:2
FNH:2
FNDA:5,difference
FNDA:11,(anonymous_1)
DA:9,5
DA:10,1
DA:13,4
DA:14,11
DA:17,1
LF:5
LH:5
BRDA:9,0,0,1
BRDA:9,0,1,4
BRF:2
BRH:2
end_of_record
TN:
SF:src/divide.js
FN:8,divide
FNF:1
FNH:1
FNDA:5,divide
DA:9,5
DA:12,1
LF:2
LH:2
BRF:0
BRH:0
end_of_record
TN:
SF:src/drop.js
FN:8,drop
FNF:1
FNH:1
FNDA:5,drop
DA:9,5
DA:10,1
DA:13,4
DA:16,1
LF:4
LH:4
BRDA:8,0,0,1
BRDA:9,1,0,1
BRDA:9,1,1,4
BRDA:9,2,0,5
BRDA:9,2,1,5
BRF:5
BRH:5
end_of_record
TN:
SF:src/endsWith.js
FN:9,endsWith
FNF:1
FNH:1
FNDA:13,endsWith
DA:10,13
DA:12,11
DA:13,11
DA:14,11
DA:16,11
DA:19,3
LF:6
LH:6
BRDA:10,0,0,2
BRDA:10,0,1,11
BRDA:12,1,0,8
BRDA:12,1,1,3
BRDA:16,2,0,11
BRDA:16,2,1,10
BRF:6
BRH:6
end_of_record
TN:
SF:src/eq.js
FN:8,eq
FNF:1
FNH:1
FNDA:16,eq
DA:9,16
DA:12,3
LF:2
LH:2
BRDA:9,0,0,16
BRDA:9,0,1,9
BRDA:9,0,2,2
BRF:3
BRH:3
end_of_record
TN:
SF:src/every.js
FN:8,every
FNF:1
FNH:1
FNDA:5,every
DA:9,5
DA:11,4
DA:13,4
DA:14,7
DA:15,1
DA:19,3
DA:22,1
LF:7
LH:7
BRDA:9,0,0,1
BRDA:9,0,1,4
BRDA:11,1,0,3
BRDA:11,1,1,1
BRDA:14,2,0,1
BRDA:14,2,1,6
BRF:6
BRH:6
end_of_record
TN:
SF:src/filter.js
FN:9,filter
FNF:1
FNH:1
FNDA:13,filter
DA:10,13
DA:12,11
DA:13,11
DA:15,11
DA:16,31
DA:17,15
DA:21,9
DA:24,3
LF:8
LH:8
BRDA:10,0,0,2
BRDA:10,0,1,11
BRDA:13,1,0,9
BRDA:13,1,1,2
BRDA:16,2,0,15
BRDA:16,2,1,14
BRF:6
BRH:6
end_of_record
TN:
SF:src/get.js
FN:9,get
FNF:1
FNH:1
FNDA:13,get
DA:10,13
DA:12,11
DA:16,11
DA:18,11
DA:19,28
DA:20,28
DA:21,2
DA:25,9
DA:28,3
LF:9
LH:9
BRDA:10,0,0,2
BRDA:10,0,1,11
BRDA:12,1,0,3
BRDA:12,1,1,8
BRDA:20,2,0,2
BRDA:20,2,1,26
BRF:6
BRH:6
end_of_record
TN:
SF:src/isArguments.js
FN:7,isArguments
FNF:1
FNH:1
FNDA:5,isArguments
DA:8,5
DA:11,1
LF:2
LH:2
BRF:0
BRH:0
end_of_record
TN:
SF:src/isArrayLike.js
FN:7,isArrayLike
FNF:1
FNH:1
FNDA:8,isArrayLike
DA:8,8
DA:15,2
LF:2
LH:2
BRDA:8,0,0,8
BRDA:8,0,1,7
BRDA:8,0,2,6
BRDA:8,0,3,5
BRDA:8,0,4,5
BRF:5
BRH:5
end_of_record
TN:
SF:src/isArrayLikeObject.js
FN:9,isArrayLikeObject
FNF:1
FNH:1
FNDA:5,isArrayLikeObject
DA:1,1
DA:10,5
DA:13,1
LF:3
LH:3
BRDA:10,0,0,5
BRDA:10,0,1,3
BRDA:10,0,2,2
BRF:3
BRH:3
end_of_record
TN:
SF:src/isBoolean.js
FN:7,isBoolean
FNF:1
FNH:1
FNDA:6,isBoolean
DA:8,6
DA:13,1
LF:2
LH:2
BRDA:8,0,0,6
BRDA:8,0,1,5
BRDA:8,0,2,4
BRDA:8,0,3,2
BRDA:8,0,4,1
BRF:5
BRH:5
end_of_record
TN:
SF:src/isBuffer.js
FN:7,isBuffer
FNF:1
FNH:1
FNDA:4,isBuffer
DA:8,4
DA:13,1
LF:2
LH:2
BRDA:8,0,0,4
BRDA:8,0,1,4
BRDA:8,0,2,4
BRF:3
BRH:3
end_of_record
TN:
SF:src/isDate.js
FN:7,isDate
FNF:1
FNH:1
FNDA:5,isDate
DA:8,5
DA:12,1
LF:2
LH:2
BRDA:8,0,0,5
BRDA:8,0,1,4
BRF:2
BRH:2
end_of_record
TN:
SF:src/isEmpty.js
FN:7,isEmpty
FNF:1
FNH:1
FNDA:24,isEmpty
DA:8,24
DA:9,4
DA:15,20
DA:21,9
DA:24,11
DA:25,4
DA:28,7
DA:29,4
DA:32,3
DA:35,3
LF:10
LH:10
BRDA:8,0,0,4
BRDA:8,0,1,20
BRDA:15,1,0,9
BRDA:15,1,1,11
BRDA:16,2,0,20
BRDA:16,2,1,16
BRDA:16,2,2,12
BRDA:16,2,3,12
BRDA:16,2,4,11
BRDA:24,3,0,4
BRDA:24,3,1,7
BRDA:24,4,0,11
BRDA:24,4,1,9
BRDA:28,5,0,4
BRDA:28,5,1,3
BRF:15
BRH:15
end_of_record
TN:
SF:src/isLength.js
FN:7,isLength
FNF:1
FNH:1
FNDA:6,isLength
DA:8,6
DA:14,1
LF:2
LH:2
BRDA:8,0,0,6
BRDA:8,0,1,5
BRDA:8,0,2,4
BRDA:8,0,3,3
BRF:4
BRH:4
end_of_record
TN:
SF:src/isObject.js
FN:7,isObject
FNF:1
FNH:1
FNDA:8,isObject
DA:8,8
DA:9,8
DA:12,1
LF:3
LH:3
BRDA:9,0,0,8
BRDA:9,0,1,6
BRDA:9,0,2,4
BRF:3
BRH:3
end_of_record
TN:
SF:src/isObjectLike.js
FN:7,isObjectLike
FNF:1
FNH:1
FNDA:6,isObjectLike
DA:8,6
DA:11,1
LF:2
LH:2
BRDA:8,0,0,6
BRDA:8,0,1,3
BRF:2
BRH:2
end_of_record
TN:
SF:src/isSymbol.js
FN:7,isSymbol
FNF:1
FNH:1
FNDA:26,isSymbol
DA:8,26
DA:13,5
LF:2
LH:2
BRDA:8,0,0,26
BRDA:8,0,1,22
BRDA:8,0,2,3
BRDA:8,0,3,2
BRF:4
BRH:4
end_of_record
TN:
SF:src/isTypedArray.js
FN:7,isTypedArray
FNF:1
FNH:1
FNDA:6,isTypedArray
DA:8,6
DA:22,6
DA:25,1
LF:3
LH:3
BRF:0
BRH:0
end_of_record
TN:
SF:src/keys.js
FN:7,keys
FNF:1
FNH:1
FNDA:5,keys
DA:8,5
DA:11,1
LF:2
LH:2
BRDA:8,0,0,2
BRDA:8,0,1,3
BRF:2
BRH:2
end_of_record
TN:
SF:src/map.js
FN:8,map
FNF:1
FNH:1
FNDA:4,map
DA:9,4
DA:11,3
DA:12,3
DA:15,1
LF:4
LH:4
BRDA:9,0,0,1
BRDA:9,0,1,3
BRDA:11,1,0,2
BRDA:11,1,1,1
BRF:4
BRH:4
end_of_record
TN:
SF:src/memoize.js
FN:8,memoize
FN:13,(anonymous_1)
FNF:2
FNH:2
FNDA:4,memoize
FNDA:4,(anonymous_1)
DA:9,4
DA:10,1
DA:13,3
DA:14,4
DA:15,4
DA:17,4
DA:18,2
DA:21,2
DA:22,2
DA:23,2
DA:26,3
DA:27,3
DA:30,1
LF:13
LH:13
BRDA:9,0,0,1
BRDA:9,0,1,3
BRDA:14,1,0,2
BRDA:14,1,1,2
BRDA:17,2,0,2
BRDA:17,2,1,2
BRF:6
BRH:6
end_of_record
TN:
SF:src/reduce.js
FN:10,reduce
FNF:1
FNH:1
FNDA:5,reduce
DA:11,5
DA:13,4
DA:14,4
DA:15,4
DA:17,4
DA:18,1
DA:19,1
DA:22,4
DA:23,8
DA:26,4
DA:29,1
LF:11
LH:11
BRDA:11,0,0,1
BRDA:11,0,1,4
BRDA:13,1,0,3
BRDA:13,1,1,1
BRDA:17,2,0,1
BRDA:17,2,1,3
BRF:6
BRH:6
end_of_record
TN:
SF:src/slice.js
FN:9,slice
FNF:1
FNH:1
FNDA:5,slice
DA:10,5
DA:11,1
DA:14,4
DA:17,1
LF:4
LH:4
BRDA:9,0,0,1
BRDA:10,1,0,1
BRDA:10,1,1,4
BRF:3
BRH:3
end_of_record
TN:
SF:src/toFinite.js
FN:7,toFinite
FNF:1
FNH:1
FNDA:11,toFinite
DA:8,11
DA:9,3
DA:12,8
DA:14,8
DA:15,3
DA:16,3
DA:19,5
DA:22,2
LF:8
LH:8
BRDA:8,0,0,3
BRDA:8,0,1,8
BRDA:9,1,0,0
BRDA:9,1,1,3
BRDA:14,2,0,3
BRDA:14,2,1,5
BRDA:14,3,0,8
BRDA:14,3,1,6
BRDA:15,4,0,1
BRDA:15,4,1,2
BRDA:19,5,0,5
BRDA:19,5,1,0
BRF:12
BRH:10
end_of_record
TN:
SF:src/toInteger.js
FN:9,toInteger
FNF:1
FNH:1
FNDA:5,toInteger
DA:1,1
DA:10,5
DA:11,5
DA:13,5
DA:16,1
LF:5
LH:5
BRDA:13,0,0,3
BRDA:13,0,1,2
BRF:2
BRH:2
end_of_record
TN:
SF:src/toNumber.js
FN:9,toNumber
FNF:1
FNH:1
FNDA:17,toNumber
DA:1,3
DA:10,17
DA:11,2
DA:14,15
DA:15,2
DA:18,13
DA:19,1
DA:20,1
DA:23,13
DA:24,5
DA:27,8
DA:28,8
DA:29,8
DA:30,8
DA:33,8
DA:34,1
DA:37,7
DA:42,3
LF:18
LH:18
BRDA:10,0,0,2
BRDA:10,0,1,15
BRDA:14,1,0,2
BRDA:14,1,1,13
BRDA:18,2,0,1
BRDA:18,2,1,12
BRDA:18,3,0,13
BRDA:18,3,1,1
BRDA:19,4,0,1
BRDA:19,4,1,0
BRDA:20,5,0,0
BRDA:20,5,1,1
BRDA:23,6,0,5
BRDA:23,6,1,8
BRDA:24,7,0,0
BRDA:24,7,1,5
BRDA:33,8,0,1
BRDA:33,8,1,7
BRDA:37,9,0,4
BRDA:37,9,1,3
BRDA:37,10,0,7
BRDA:37,10,1,5
BRDA:38,11,0,2
BRDA:38,11,1,2
BRF:24
BRH:21
end_of_record
TN:
SF:src/toString.js
FN:9,toString
FN:19,(anonymous_1)
FNF:2
FNH:2
FNDA:10,toString
FNDA:3,(anonymous_1)
DA:1,1
DA:10,10
DA:11,2
DA:14,8
DA:15,1
DA:18,7
DA:19,3
DA:22,6
DA:23,1
DA:26,5
DA:27,5
DA:30,1
LF:12
LH:12
BRDA:10,0,0,2
BRDA:10,0,1,8
BRDA:14,1,0,1
BRDA:14,1,1,7
BRDA:18,2,0,1
BRDA:18,2,1,6
BRDA:22,3,0,1
BRDA:22,3,1,5
BRDA:27,4,0,1
BRDA:27,4,1,4
BRDA:27,5,0,5
BRDA:27,5,1,1
BRF:12
BRH:12
end_of_record
TN:
SF:src/upperFirst.js
FN:7,upperFirst
FNF:1
FNH:1
FNDA:13,upperFirst
DA:8,13
DA:9,11
DA:12,3
LF:3
LH:3
BRDA:8,0,0,2
BRDA:8,0,1,11
BRF:2
BRH:2
end_of_record
TN:
SF:src/words.js
FN:8,words
FNF:1
FNH:1
FNDA:13,words
DA:9,13
DA:11,11
DA:12,2
DA:15,9
DA:18,3
LF:5
LH:5
BRDA:9,0,0,2
BRDA:9,0,1,11
BRDA:11,1,0,2
BRDA:11,1,1,9
BRDA:12,2,0,2
BRDA:12,2,1,0
BRDA:15,3,0,9
BRDA:15,3,1,0
BRF:8
BRH:6
end_of_record
